<?xml version="1.0" encoding="UTF-8"?>
<!-- Generated by org.testng.reporters.JUnitXMLReporter -->
<testsuite ignored="0" hostname="LAPTOP-HJ6DPI2A" failures="2" tests="3" name="Test" time="56.261" errors="0" timestamp="2025-03-11T09:39:20 IST">
  <testcase classname="TestCase.Test1" name="TestTitle" time="5.425"/>
  <testcase classname="TestCase.Test2" name="Testloginbutton" time="4.02">
    <failure type="java.lang.AssertionError" message="expected [Dashboard] but found [Pizarra de pendientes]">
      <![CDATA[java.lang.AssertionError: expected [Dashboard] but found [Pizarra de pendientes]
at TestCase.Test2.Testloginbutton(Test2.java:42)
at java.base/java.util.ArrayList.forEach(ArrayList.java:1511)
... Removed 33 stack frames]]>
    </failure>
  </testcase> <!-- Testloginbutton -->
  <testcase classname="TestCase.Test3" name="TestMenu" time="4.288">
    <failure type="java.lang.AssertionError" message="expected [Leave] but found [Pizarra de pendientes]">
      <![CDATA[java.lang.AssertionError: expected [Leave] but found [Pizarra de pendientes]
at TestCase.Test3.TestMenu(Test3.java:34)
at java.base/java.util.ArrayList.forEach(ArrayList.java:1511)
... Removed 33 stack frames]]>
    </failure>
  </testcase> <!-- TestMenu -->
</testsuite> <!-- Test -->
