<?xml version="1.0" encoding="UTF-8"?>
<!-- Generated by org.testng.reporters.JUnitXMLReporter -->
<testsuite ignored="0" hostname="LAPTOP-HJ6DPI2A" failures="0" tests="3" name="Default test" time="35.376" errors="0" timestamp="2025-03-11T11:05:51 IST">
  <testcase classname="TestCase.Test3" name="TestMenu" time="4.401"/>
  <testcase classname="TestCase.Test2" name="Testloginbutton" time="2.467"/>
  <testcase classname="TestCase.Test1" name="TestTitle" time="5.215"/>
</testsuite> <!-- Default test -->
