<?xml version="1.0" encoding="UTF-8"?>
<testng-results ignored="0" total="3" passed="3" failed="0" skipped="0">
  <reporter-output>
    <line>
      <![CDATA[Screenshot taken by name title]]>
    </line>
  </reporter-output>
  <suite started-at="2025-03-11T11:23:40 IST" name="Suite" finished-at="2025-03-11T11:24:13 IST" duration-ms="33455">
    <groups>
    </groups>
    <test started-at="2025-03-11T11:23:40 IST" name="Test" finished-at="2025-03-11T11:24:13 IST" duration-ms="33455">
      <class name="TestCase.Test3">
        <test-method is-config="true" signature="openbrowser()[pri:0, instance:TestCase.Test3@53dbe163]" started-at="2025-03-11T11:24:05 IST" name="openbrowser" finished-at="2025-03-11T11:24:09 IST" duration-ms="4071" status="PASS">
          <reporter-output>
          </reporter-output>
        </test-method> <!-- openbrowser -->
        <test-method signature="TestMenu()[pri:0, instance:TestCase.Test3@53dbe163]" started-at="2025-03-11T11:24:09 IST" name="TestMenu" finished-at="2025-03-11T11:24:13 IST" duration-ms="4146" status="PASS">
          <reporter-output>
          </reporter-output>
        </test-method> <!-- TestMenu -->
        <test-method is-config="true" signature="closebrowser()[pri:0, instance:TestCase.Test3@53dbe163]" started-at="2025-03-11T11:24:13 IST" name="closebrowser" finished-at="2025-03-11T11:24:13 IST" duration-ms="206" status="PASS">
          <reporter-output>
          </reporter-output>
        </test-method> <!-- closebrowser -->
      </class> <!-- TestCase.Test3 -->
      <class name="TestCase.Test2">
        <test-method is-config="true" signature="openbrowser()[pri:0, instance:TestCase.Test2@6ad3381f]" started-at="2025-03-11T11:23:53 IST" name="openbrowser" finished-at="2025-03-11T11:23:57 IST" duration-ms="3877" status="PASS">
          <reporter-output>
          </reporter-output>
        </test-method> <!-- openbrowser -->
        <test-method signature="Testloginbutton(java.lang.String,java.lang.String,java.lang.String)[pri:0, instance:TestCase.Test2@6ad3381f]" started-at="2025-03-11T11:23:57 IST" name="Testloginbutton" data-provider="dp1" finished-at="2025-03-11T11:23:59 IST" duration-ms="2813" status="PASS">
          <params>
            <param index="0">
              <value>
                <![CDATA[Admin]]>
              </value>
            </param>
            <param index="1">
              <value>
                <![CDATA[admin123]]>
              </value>
            </param>
            <param index="2">
              <value>
                <![CDATA[Dashboard]]>
              </value>
            </param>
          </params>
          <reporter-output>
          </reporter-output>
        </test-method> <!-- Testloginbutton -->
        <test-method is-config="true" signature="closebrowser()[pri:0, instance:TestCase.Test2@6ad3381f]" started-at="2025-03-11T11:23:59 IST" name="closebrowser" finished-at="2025-03-11T11:24:05 IST" duration-ms="5440" status="PASS">
          <reporter-output>
          </reporter-output>
        </test-method> <!-- closebrowser -->
      </class> <!-- TestCase.Test2 -->
      <class name="TestCase.Test1">
        <test-method is-config="true" signature="openbrowser()[pri:0, instance:TestCase.Test1@6e4566f1]" started-at="2025-03-11T11:23:40 IST" name="openbrowser" finished-at="2025-03-11T11:23:46 IST" duration-ms="6150" status="PASS">
          <reporter-output>
          </reporter-output>
        </test-method> <!-- openbrowser -->
        <test-method signature="TestTitle(java.lang.String)[pri:1, instance:TestCase.Test1@6e4566f1]" started-at="2025-03-11T11:23:46 IST" name="TestTitle" data-provider="title" finished-at="2025-03-11T11:23:52 IST" duration-ms="5488" status="PASS">
          <params>
            <param index="0">
              <value>
                <![CDATA[OrangeHRM]]>
              </value>
            </param>
          </params>
          <reporter-output>
            <line>
              <![CDATA[Screenshot taken by name title]]>
            </line>
          </reporter-output>
        </test-method> <!-- TestTitle -->
        <test-method is-config="true" signature="closebrowser()[pri:0, instance:TestCase.Test1@6e4566f1]" started-at="2025-03-11T11:23:52 IST" name="closebrowser" finished-at="2025-03-11T11:23:52 IST" duration-ms="240" status="PASS">
          <reporter-output>
          </reporter-output>
        </test-method> <!-- closebrowser -->
      </class> <!-- TestCase.Test1 -->
    </test> <!-- Test -->
  </suite> <!-- Suite -->
</testng-results>
