<?xml version="1.0" encoding="UTF-8"?>
<testng-results ignored="0" total="3" passed="3" failed="0" skipped="0">
  <reporter-output>
    <line>
      <![CDATA[Screenshot taken by name title]]>
    </line>
  </reporter-output>
  <suite started-at="2025-03-11T11:05:15 IST" name="Default suite" finished-at="2025-03-11T11:05:51 IST" duration-ms="35376">
    <groups>
    </groups>
    <test started-at="2025-03-11T11:05:15 IST" name="Default test" finished-at="2025-03-11T11:05:51 IST" duration-ms="35376">
      <class name="TestCase.Test3">
        <test-method is-config="true" signature="openbrowser()[pri:0, instance:TestCase.Test3@3ad2e17]" started-at="2025-03-11T11:05:15 IST" name="openbrowser" finished-at="2025-03-11T11:05:23 IST" duration-ms="7274" status="PASS">
          <reporter-output>
          </reporter-output>
        </test-method> <!-- openbrowser -->
        <test-method signature="TestMenu()[pri:0, instance:TestCase.Test3@3ad2e17]" started-at="2025-03-11T11:05:23 IST" name="TestMenu" finished-at="2025-03-11T11:05:27 IST" duration-ms="4401" status="PASS">
          <reporter-output>
          </reporter-output>
        </test-method> <!-- TestMenu -->
        <test-method is-config="true" signature="closebrowser()[pri:0, instance:TestCase.Test3@3ad2e17]" started-at="2025-03-11T11:05:27 IST" name="closebrowser" finished-at="2025-03-11T11:05:28 IST" duration-ms="358" status="PASS">
          <reporter-output>
          </reporter-output>
        </test-method> <!-- closebrowser -->
      </class> <!-- TestCase.Test3 -->
      <class name="TestCase.Test2">
        <test-method is-config="true" signature="openbrowser()[pri:0, instance:TestCase.Test2@7d1cfb8b]" started-at="2025-03-11T11:05:29 IST" name="openbrowser" finished-at="2025-03-11T11:05:33 IST" duration-ms="4067" status="PASS">
          <reporter-output>
          </reporter-output>
        </test-method> <!-- openbrowser -->
        <test-method signature="Testloginbutton(java.lang.String,java.lang.String,java.lang.String)[pri:0, instance:TestCase.Test2@7d1cfb8b]" started-at="2025-03-11T11:05:33 IST" name="Testloginbutton" data-provider="dp1" finished-at="2025-03-11T11:05:36 IST" duration-ms="2467" status="PASS">
          <params>
            <param index="0">
              <value>
                <![CDATA[Admin]]>
              </value>
            </param>
            <param index="1">
              <value>
                <![CDATA[admin123]]>
              </value>
            </param>
            <param index="2">
              <value>
                <![CDATA[Dashboard]]>
              </value>
            </param>
          </params>
          <reporter-output>
          </reporter-output>
        </test-method> <!-- Testloginbutton -->
        <test-method is-config="true" signature="closebrowser()[pri:0, instance:TestCase.Test2@7d1cfb8b]" started-at="2025-03-11T11:05:36 IST" name="closebrowser" finished-at="2025-03-11T11:05:41 IST" duration-ms="5311" status="PASS">
          <reporter-output>
          </reporter-output>
        </test-method> <!-- closebrowser -->
      </class> <!-- TestCase.Test2 -->
      <class name="TestCase.Test1">
        <test-method is-config="true" signature="openbrowser()[pri:0, instance:TestCase.Test1@48e92c5c]" started-at="2025-03-11T11:05:41 IST" name="openbrowser" finished-at="2025-03-11T11:05:45 IST" duration-ms="4268" status="PASS">
          <reporter-output>
          </reporter-output>
        </test-method> <!-- openbrowser -->
        <test-method signature="TestTitle(java.lang.String)[pri:1, instance:TestCase.Test1@48e92c5c]" started-at="2025-03-11T11:05:45 IST" name="TestTitle" data-provider="title" finished-at="2025-03-11T11:05:51 IST" duration-ms="5215" status="PASS">
          <params>
            <param index="0">
              <value>
                <![CDATA[OrangeHRM]]>
              </value>
            </param>
          </params>
          <reporter-output>
            <line>
              <![CDATA[Screenshot taken by name title]]>
            </line>
          </reporter-output>
        </test-method> <!-- TestTitle -->
        <test-method is-config="true" signature="closebrowser()[pri:0, instance:TestCase.Test1@48e92c5c]" started-at="2025-03-11T11:05:51 IST" name="closebrowser" finished-at="2025-03-11T11:05:51 IST" duration-ms="242" status="PASS">
          <reporter-output>
          </reporter-output>
        </test-method> <!-- closebrowser -->
      </class> <!-- TestCase.Test1 -->
    </test> <!-- Default test -->
  </suite> <!-- Default suite -->
</testng-results>
